##############################################################################
#                                                                            #
# IAR 8051 C/C++ Compiler V7.20H/W32                   10/Sep/2015  19:03:27 #
# Copyright 2004-2006 IAR Systems. All rights reserved.                      #
#                                                                            #
#    Core               =  plain                                             #
#    Code model         =  near                                              #
#    Data model         =  large                                             #
#    Calling convention =  extended stack reentrant                          #
#    Constant location  =  code                                              #
#    Extended stack     =  enabled                                           #
#    Dptr setup         =  1,16                                              #
#    Source file        =  C:\Documents and Settings\Administrator\×ÀÃæ\lily #
#                          \15BC178B_Lily_AX1070_20150908\15BC178B_Lily_AX10 #
#                          70_20150908\key\adckey.c                          #
#    Command line       =  -I "C:\Program Files\IAR Systems\Embedded         #
#                          Workbench 4.05 Evaluation version\8051\INC\" -I   #
#                          "C:\Program Files\IAR Systems\Embedded Workbench  #
#                          4.05 Evaluation version\8051\INC\CLIB\" -I        #
#                          "C:\Documents and Settings\Administrator\×ÀÃæ\lil #
#                          y\15BC178B_Lily_AX1070_20150908\15BC178B_Lily_AX1 #
#                          070_20150908\COMMON\" -I "C:\Documents and        #
#                          Settings\Administrator\×ÀÃæ\lily\15BC178B_Lily_AX #
#                          1070_20150908\15BC178B_Lily_AX1070_20150908\INC\" #
#                           -I "C:\Documents and Settings\Administrator\×ÀÃæ #
#                          \lily\15BC178B_Lily_AX1070_20150908\15BC178B_Lily #
#                          _AX1070_20150908\config\" -I "C:\Documents and    #
#                          Settings\Administrator\×ÀÃæ\lily\15BC178B_Lily_AX #
#                          1070_20150908\15BC178B_Lily_AX1070_20150908\api\" #
#                           -I "C:\Documents and Settings\Administrator\×ÀÃæ #
#                          \lily\15BC178B_Lily_AX1070_20150908\15BC178B_Lily #
#                          _AX1070_20150908\fm\" -I "C:\Documents and        #
#                          Settings\Administrator\×ÀÃæ\lily\15BC178B_Lily_AX #
#                          1070_20150908\15BC178B_Lily_AX1070_20150908\fat\" #
#                           -I "C:\Documents and Settings\Administrator\×ÀÃæ #
#                          \lily\15BC178B_Lily_AX1070_20150908\15BC178B_Lily #
#                          _AX1070_20150908\display\" -I "C:\Documents and   #
#                          Settings\Administrator\×ÀÃæ\lily\15BC178B_Lily_AX #
#                          1070_20150908\15BC178B_Lily_AX1070_20150908\displ #
#                          ay\led\" -I "C:\Documents and                     #
#                          Settings\Administrator\×ÀÃæ\lily\15BC178B_Lily_AX #
#                          1070_20150908\15BC178B_Lily_AX1070_20150908\displ #
#                          ay\lcd\" -I "C:\Documents and                     #
#                          Settings\Administrator\×ÀÃæ\lily\15BC178B_Lily_AX #
#                          1070_20150908\15BC178B_Lily_AX1070_20150908\task\ #
#                          " -I "C:\Documents and Settings\Administrator\×ÀÃ #
#                          æ\lily\15BC178B_Lily_AX1070_20150908\15BC178B_Lil #
#                          y_AX1070_20150908\user\" -I "C:\Documents and     #
#                          Settings\Administrator\×ÀÃæ\lily\15BC178B_Lily_AX #
#                          1070_20150908\15BC178B_Lily_AX1070_20150908\mem\" #
#                           -I "C:\Documents and Settings\Administrator\×ÀÃæ #
#                          \lily\15BC178B_Lily_AX1070_20150908\15BC178B_Lily #
#                          _AX1070_20150908\module\" -I "C:\Documents and    #
#                          Settings\Administrator\×ÀÃæ\lily\15BC178B_Lily_AX #
#                          1070_20150908\15BC178B_Lily_AX1070_20150908\modul #
#                          e\kedir\" -I "C:\Documents and                    #
#                          Settings\Administrator\×ÀÃæ\lily\15BC178B_Lily_AX #
#                          1070_20150908\15BC178B_Lily_AX1070_20150908\key\" #
#                           -I "C:\Documents and Settings\Administrator\×ÀÃæ #
#                          \lily\15BC178B_Lily_AX1070_20150908\15BC178B_Lily #
#                          _AX1070_20150908\startmusic\" -D UART_DEBUG -D    #
#                          AX207X_TAG -lC "C:\Documents and                  #
#                          Settings\Administrator\×ÀÃæ\lily\15BC178B_Lily_AX #
#                          1070_20150908\15BC178B_Lily_AX1070_20150908\UART_ #
#                          Debug\List\" -o "C:\Documents and                 #
#                          Settings\Administrator\×ÀÃæ\lily\15BC178B_Lily_AX #
#                          1070_20150908\15BC178B_Lily_AX1070_20150908\UART_ #
#                          Debug\Obj\" -e -z9 --debug --core=plain           #
#                          --dptr=16,1 --data_model=large --code_model=near  #
#                          --calling_convention=ext_stack_reentrant          #
#                          --place_constants=code --nr_virtual_regs 20       #
#                          --extended_stack "C:\Documents and                #
#                          Settings\Administrator\×ÀÃæ\lily\15BC178B_Lily_AX #
#                          1070_20150908\15BC178B_Lily_AX1070_20150908\key\a #
#                          dckey.c"                                          #
#    List file          =  C:\Documents and Settings\Administrator\×ÀÃæ\lily #
#                          \15BC178B_Lily_AX1070_20150908\15BC178B_Lily_AX10 #
#                          70_20150908\UART_Debug\List\adckey.lst            #
#    Object file        =  C:\Documents and Settings\Administrator\×ÀÃæ\lily #
#                          \15BC178B_Lily_AX1070_20150908\15BC178B_Lily_AX10 #
#                          70_20150908\UART_Debug\Obj\adckey.r51             #
#                                                                            #
#                                                                            #
##############################################################################

C:\Documents and Settings\Administrator\×ÀÃæ\lily\15BC178B_Lily_AX1070_20150908\15BC178B_Lily_AX1070_20150908\key\adckey.c
      1          #include "include.h"
      2          
      3          #pragma constseg="KEY_CONST_TABLE"
      4          
      5          #if USE_ADKEY
      6          #if (USER_SEL == USER_AX1071_DEMO)
      7          IAR_CONST type_adc_key tbl_adkey[] =
      8          {
      9          	{0x0B, T_KEY_2},            //PLAY      S1
     10          	{0x1F, T_KEY_17},           //PLAY/MODE S2
     11          	{0x34, T_KEY_6},            //MODE      S3
     12          	{0x4A, T_KEY_4},            //VOL-      S4
     13          	{0x61, T_KEY_5},            //VOL+      S5
     14          	{0x76, T_KEY_1},            //PREV      S6
     15          	{0x8B, T_KEY_3},            //NEXT      S7
     16          	{0xA0, T_KEY_15},           //MINUS     S8
     17          	{0xB5, T_KEY_16},           //PLUS      S9
     18          	{0xCA, T_KEY_7},            //EQ        S10
     19          	{0xDF, T_KEY_8},            //PLAYMODE  S11
     20          	{0xF4, NO_KEY},             //          S12
     21          	{0xFF, NO_KEY},             //          END
     22          };
     23          #else
     24          IAR_CONST type_adc_key tbl_adkey[] =
     25          {
     26          	{0x0B, T_KEY_1},            //PREV S1
     27          	{0x1F, T_KEY_2},            //PLAY S2
     28          	{0x34, T_KEY_3},            //NEXT S3
     29          	{0x4A, T_KEY_4},            //VOL- S4
     30          	{0x61, T_KEY_5},            //VOL+ S5
     31          	{0x76, T_KEY_6},            //MODE S6
     32          	{0x8B, T_KEY_7},            //EQ   S7
     33          	{0xA0, T_KEY_8},            //S8
     34          	{0xB5, T_KEY_9},            //S9
     35          	{0xCA, T_KEY_10},           //S10
     36          	{0xDF, NO_KEY},             //S11
     37          	{0xF4, NO_KEY},             //S12
     38          	{0xFF, NO_KEY},             //END
     39          };
     40          #endif
     41          #endif
     42          
     43          #if USE_ADKEY2
     44          IAR_CONST type_adc_key tbl_adkey2[] =
     45          {
     46          	{0x0B, T_KEY_1},            //PREV S1
     47          	{0x1F, T_KEY_2},            //PLAY S2
     48          	{0x34, T_KEY_3},            //NEXT S3
     49          	{0x4A, T_KEY_4},            //VOL- S4
     50          	{0x61, T_KEY_5},            //VOL+ S5
     51          	{0x76, T_KEY_6},            //MODE S6
     52          	{0x8B, T_KEY_7},            //EQ   S7
     53          	{0xA0, T_KEY_8},            //S8
     54          	{0xB5, T_KEY_9},            //S9
     55          	{0xCA, T_KEY_10},           //S10
     56          	{0xDF, NO_KEY},             //S11
     57          	{0xF4, NO_KEY},             //S12
     58          	{0xFF, NO_KEY},             //END
     59          };
     60          #endif
     61          
     62          #pragma constseg=default
     63          
     64          
     65          


   Segment part sizes:

     Function/Label Bytes
     -------------- -----

 
 
 0 bytes of memory

Errors: none
Warnings: none
