##############################################################################
#                                                                            #
# IAR 8051 C/C++ Compiler V7.20H/W32                   10/Sep/2015  19:03:30 #
# Copyright 2004-2006 IAR Systems. All rights reserved.                      #
#                                                                            #
#    Core               =  plain                                             #
#    Code model         =  near                                              #
#    Data model         =  large                                             #
#    Calling convention =  extended stack reentrant                          #
#    Constant location  =  code                                              #
#    Extended stack     =  enabled                                           #
#    Dptr setup         =  1,16                                              #
#    Source file        =  C:\Documents and Settings\Administrator\×ÀÃæ\lily #
#                          \15BC178B_Lily_AX1070_20150908\15BC178B_Lily_AX10 #
#                          70_20150908\display\theme_default\theme_poweroff. #
#                          c                                                 #
#    Command line       =  -I "C:\Program Files\IAR Systems\Embedded         #
#                          Workbench 4.05 Evaluation version\8051\INC\" -I   #
#                          "C:\Program Files\IAR Systems\Embedded Workbench  #
#                          4.05 Evaluation version\8051\INC\CLIB\" -I        #
#                          "C:\Documents and Settings\Administrator\×ÀÃæ\lil #
#                          y\15BC178B_Lily_AX1070_20150908\15BC178B_Lily_AX1 #
#                          070_20150908\COMMON\" -I "C:\Documents and        #
#                          Settings\Administrator\×ÀÃæ\lily\15BC178B_Lily_AX #
#                          1070_20150908\15BC178B_Lily_AX1070_20150908\INC\" #
#                           -I "C:\Documents and Settings\Administrator\×ÀÃæ #
#                          \lily\15BC178B_Lily_AX1070_20150908\15BC178B_Lily #
#                          _AX1070_20150908\config\" -I "C:\Documents and    #
#                          Settings\Administrator\×ÀÃæ\lily\15BC178B_Lily_AX #
#                          1070_20150908\15BC178B_Lily_AX1070_20150908\api\" #
#                           -I "C:\Documents and Settings\Administrator\×ÀÃæ #
#                          \lily\15BC178B_Lily_AX1070_20150908\15BC178B_Lily #
#                          _AX1070_20150908\fm\" -I "C:\Documents and        #
#                          Settings\Administrator\×ÀÃæ\lily\15BC178B_Lily_AX #
#                          1070_20150908\15BC178B_Lily_AX1070_20150908\fat\" #
#                           -I "C:\Documents and Settings\Administrator\×ÀÃæ #
#                          \lily\15BC178B_Lily_AX1070_20150908\15BC178B_Lily #
#                          _AX1070_20150908\display\" -I "C:\Documents and   #
#                          Settings\Administrator\×ÀÃæ\lily\15BC178B_Lily_AX #
#                          1070_20150908\15BC178B_Lily_AX1070_20150908\displ #
#                          ay\led\" -I "C:\Documents and                     #
#                          Settings\Administrator\×ÀÃæ\lily\15BC178B_Lily_AX #
#                          1070_20150908\15BC178B_Lily_AX1070_20150908\displ #
#                          ay\lcd\" -I "C:\Documents and                     #
#                          Settings\Administrator\×ÀÃæ\lily\15BC178B_Lily_AX #
#                          1070_20150908\15BC178B_Lily_AX1070_20150908\task\ #
#                          " -I "C:\Documents and Settings\Administrator\×ÀÃ #
#                          æ\lily\15BC178B_Lily_AX1070_20150908\15BC178B_Lil #
#                          y_AX1070_20150908\user\" -I "C:\Documents and     #
#                          Settings\Administrator\×ÀÃæ\lily\15BC178B_Lily_AX #
#                          1070_20150908\15BC178B_Lily_AX1070_20150908\mem\" #
#                           -I "C:\Documents and Settings\Administrator\×ÀÃæ #
#                          \lily\15BC178B_Lily_AX1070_20150908\15BC178B_Lily #
#                          _AX1070_20150908\module\" -I "C:\Documents and    #
#                          Settings\Administrator\×ÀÃæ\lily\15BC178B_Lily_AX #
#                          1070_20150908\15BC178B_Lily_AX1070_20150908\modul #
#                          e\kedir\" -I "C:\Documents and                    #
#                          Settings\Administrator\×ÀÃæ\lily\15BC178B_Lily_AX #
#                          1070_20150908\15BC178B_Lily_AX1070_20150908\key\" #
#                           -I "C:\Documents and Settings\Administrator\×ÀÃæ #
#                          \lily\15BC178B_Lily_AX1070_20150908\15BC178B_Lily #
#                          _AX1070_20150908\startmusic\" -D UART_DEBUG -D    #
#                          AX207X_TAG -lC "C:\Documents and                  #
#                          Settings\Administrator\×ÀÃæ\lily\15BC178B_Lily_AX #
#                          1070_20150908\15BC178B_Lily_AX1070_20150908\UART_ #
#                          Debug\List\" -o "C:\Documents and                 #
#                          Settings\Administrator\×ÀÃæ\lily\15BC178B_Lily_AX #
#                          1070_20150908\15BC178B_Lily_AX1070_20150908\UART_ #
#                          Debug\Obj\" -e -z9 --debug --core=plain           #
#                          --dptr=16,1 --data_model=large --code_model=near  #
#                          --calling_convention=ext_stack_reentrant          #
#                          --place_constants=code --nr_virtual_regs 20       #
#                          --extended_stack "C:\Documents and                #
#                          Settings\Administrator\×ÀÃæ\lily\15BC178B_Lily_AX #
#                          1070_20150908\15BC178B_Lily_AX1070_20150908\displ #
#                          ay\theme_default\theme_poweroff.c"                #
#    List file          =  C:\Documents and Settings\Administrator\×ÀÃæ\lily #
#                          \15BC178B_Lily_AX1070_20150908\15BC178B_Lily_AX10 #
#                          70_20150908\UART_Debug\List\theme_poweroff.lst    #
#    Object file        =  C:\Documents and Settings\Administrator\×ÀÃæ\lily #
#                          \15BC178B_Lily_AX1070_20150908\15BC178B_Lily_AX10 #
#                          70_20150908\UART_Debug\Obj\theme_poweroff.r51     #
#                                                                            #
#                                                                            #
##############################################################################

C:\Documents and Settings\Administrator\×ÀÃæ\lily\15BC178B_Lily_AX1070_20150908\15BC178B_Lily_AX1070_20150908\display\theme_default\theme_poweroff.c
      1          /*****************************************************************************
      2           * Module    : Theme
      3           * File      : lcd_default_idle.c
      4           * Author    : Hanny
      5           * Email     : coldney@yahoo.com.cn
      6           * Function  : ¹Ø»úÈÎÎñÏÔÊ¾Ö÷Ìâ
      7           *****************************************************************************/
      8          #include "include.h"
      9          
     10          #pragma location="DISP_POWEROFF_SEG"

   \                                 In segment DISP_POWEROFF_SEG, align 1, keep-with-next
     11          void task_poweroff_display(void)
   \                     task_poweroff_display:
     12          {
   \   000000                ; Saved register size: 0
   \   000000                ; Auto size: 0
     13          #if ((DISP_TYPE != DISP_LED) && (DISP_TYPE != DISP_NO))
     14          	ocx_event();
   \   000000                ; Setup parameters for call to function ocx_event
   \   000000   12....       LCALL   ocx_event
     15          	if(disp.update == 0)
   \   000003   A2..         MOV     C,disp.0
   \   000005   5005         JNC     ??task_poweroff_display_0
     16          	{
     17          		return;
     18          	}
     19          	disp.update = 0;
   \   000007   C2..         CLR     disp.0
     20          
     21          	disp_clear();
   \   000009                ; Setup parameters for call to function led_5c7s_clear
   \   000009   12....       LCALL   led_5c7s_clear
     22          #endif
     23          }
   \                     ??task_poweroff_display_0:
   \   00000C   22           RET

   Maximum stack usage in bytes:

     Function              EXT_STACK PSTACK XSTACK
     --------              --------- ------ ------
     task_poweroff_display        0      0      0
       -> ocx_event               0      0      0
       -> led_5c7s_clear          0      0      0


   Segment part sizes:

     Function/Label        Bytes
     --------------        -----
     task_poweroff_display   13

 
 13 bytes in segment DISP_POWEROFF_SEG
 
 13 bytes of CODE memory

Errors: none
Warnings: none
