##############################################################################
#                                                                            #
# IAR 8051 C/C++ Compiler V7.20H/W32                   10/Sep/2015  19:03:30 #
# Copyright 2004-2006 IAR Systems. All rights reserved.                      #
#                                                                            #
#    Core               =  plain                                             #
#    Code model         =  near                                              #
#    Data model         =  large                                             #
#    Calling convention =  extended stack reentrant                          #
#    Constant location  =  code                                              #
#    Extended stack     =  enabled                                           #
#    Dptr setup         =  1,16                                              #
#    Source file        =  C:\Documents and Settings\Administrator\×ÀÃæ\lily #
#                          \15BC178B_Lily_AX1070_20150908\15BC178B_Lily_AX10 #
#                          70_20150908\display\theme_default\theme_rtc.c     #
#    Command line       =  -I "C:\Program Files\IAR Systems\Embedded         #
#                          Workbench 4.05 Evaluation version\8051\INC\" -I   #
#                          "C:\Program Files\IAR Systems\Embedded Workbench  #
#                          4.05 Evaluation version\8051\INC\CLIB\" -I        #
#                          "C:\Documents and Settings\Administrator\×ÀÃæ\lil #
#                          y\15BC178B_Lily_AX1070_20150908\15BC178B_Lily_AX1 #
#                          070_20150908\COMMON\" -I "C:\Documents and        #
#                          Settings\Administrator\×ÀÃæ\lily\15BC178B_Lily_AX #
#                          1070_20150908\15BC178B_Lily_AX1070_20150908\INC\" #
#                           -I "C:\Documents and Settings\Administrator\×ÀÃæ #
#                          \lily\15BC178B_Lily_AX1070_20150908\15BC178B_Lily #
#                          _AX1070_20150908\config\" -I "C:\Documents and    #
#                          Settings\Administrator\×ÀÃæ\lily\15BC178B_Lily_AX #
#                          1070_20150908\15BC178B_Lily_AX1070_20150908\api\" #
#                           -I "C:\Documents and Settings\Administrator\×ÀÃæ #
#                          \lily\15BC178B_Lily_AX1070_20150908\15BC178B_Lily #
#                          _AX1070_20150908\fm\" -I "C:\Documents and        #
#                          Settings\Administrator\×ÀÃæ\lily\15BC178B_Lily_AX #
#                          1070_20150908\15BC178B_Lily_AX1070_20150908\fat\" #
#                           -I "C:\Documents and Settings\Administrator\×ÀÃæ #
#                          \lily\15BC178B_Lily_AX1070_20150908\15BC178B_Lily #
#                          _AX1070_20150908\display\" -I "C:\Documents and   #
#                          Settings\Administrator\×ÀÃæ\lily\15BC178B_Lily_AX #
#                          1070_20150908\15BC178B_Lily_AX1070_20150908\displ #
#                          ay\led\" -I "C:\Documents and                     #
#                          Settings\Administrator\×ÀÃæ\lily\15BC178B_Lily_AX #
#                          1070_20150908\15BC178B_Lily_AX1070_20150908\displ #
#                          ay\lcd\" -I "C:\Documents and                     #
#                          Settings\Administrator\×ÀÃæ\lily\15BC178B_Lily_AX #
#                          1070_20150908\15BC178B_Lily_AX1070_20150908\task\ #
#                          " -I "C:\Documents and Settings\Administrator\×ÀÃ #
#                          æ\lily\15BC178B_Lily_AX1070_20150908\15BC178B_Lil #
#                          y_AX1070_20150908\user\" -I "C:\Documents and     #
#                          Settings\Administrator\×ÀÃæ\lily\15BC178B_Lily_AX #
#                          1070_20150908\15BC178B_Lily_AX1070_20150908\mem\" #
#                           -I "C:\Documents and Settings\Administrator\×ÀÃæ #
#                          \lily\15BC178B_Lily_AX1070_20150908\15BC178B_Lily #
#                          _AX1070_20150908\module\" -I "C:\Documents and    #
#                          Settings\Administrator\×ÀÃæ\lily\15BC178B_Lily_AX #
#                          1070_20150908\15BC178B_Lily_AX1070_20150908\modul #
#                          e\kedir\" -I "C:\Documents and                    #
#                          Settings\Administrator\×ÀÃæ\lily\15BC178B_Lily_AX #
#                          1070_20150908\15BC178B_Lily_AX1070_20150908\key\" #
#                           -I "C:\Documents and Settings\Administrator\×ÀÃæ #
#                          \lily\15BC178B_Lily_AX1070_20150908\15BC178B_Lily #
#                          _AX1070_20150908\startmusic\" -D UART_DEBUG -D    #
#                          AX207X_TAG -lC "C:\Documents and                  #
#                          Settings\Administrator\×ÀÃæ\lily\15BC178B_Lily_AX #
#                          1070_20150908\15BC178B_Lily_AX1070_20150908\UART_ #
#                          Debug\List\" -o "C:\Documents and                 #
#                          Settings\Administrator\×ÀÃæ\lily\15BC178B_Lily_AX #
#                          1070_20150908\15BC178B_Lily_AX1070_20150908\UART_ #
#                          Debug\Obj\" -e -z9 --debug --core=plain           #
#                          --dptr=16,1 --data_model=large --code_model=near  #
#                          --calling_convention=ext_stack_reentrant          #
#                          --place_constants=code --nr_virtual_regs 20       #
#                          --extended_stack "C:\Documents and                #
#                          Settings\Administrator\×ÀÃæ\lily\15BC178B_Lily_AX #
#                          1070_20150908\15BC178B_Lily_AX1070_20150908\displ #
#                          ay\theme_default\theme_rtc.c"                     #
#    List file          =  C:\Documents and Settings\Administrator\×ÀÃæ\lily #
#                          \15BC178B_Lily_AX1070_20150908\15BC178B_Lily_AX10 #
#                          70_20150908\UART_Debug\List\theme_rtc.lst         #
#    Object file        =  C:\Documents and Settings\Administrator\×ÀÃæ\lily #
#                          \15BC178B_Lily_AX1070_20150908\15BC178B_Lily_AX10 #
#                          70_20150908\UART_Debug\Obj\theme_rtc.r51          #
#                                                                            #
#                                                                            #
##############################################################################

C:\Documents and Settings\Administrator\×ÀÃæ\lily\15BC178B_Lily_AX1070_20150908\15BC178B_Lily_AX1070_20150908\display\theme_default\theme_rtc.c
      1          /*****************************************************************************
      2           * Module    : Theme
      3           * File      : lcd_default_idle.c
      4           * Author    : Hanny
      5           * Email     : coldney@yahoo.com.cn
      6           * Function  : RTCÈÎÎñÏÔÊ¾Ö÷Ìâ
      7           *****************************************************************************/
      8          #include "include.h"
      9          
     10          #pragma location="DISP_RTC_SEG"

   \                                 In segment DISP_RTC_SEG, align 1, keep-with-next
     11          void task_rtc_display(void)
   \                     task_rtc_display:
     12          {
   \   000000                ; Saved register size: 0
   \   000000                ; Auto size: 0
     13          	ocx_event();
   \   000000                ; Setup parameters for call to function ocx_event
   \   000000   12....       LCALL   ocx_event
     14          	ocx_time_set(t_time.hour, t_time.minute);
   \   000003                ; Setup parameters for call to function ocx_time_set
   \   000003   78..         MOV     R0,#(t_time + 1)
   \   000005   E6           MOV     A,@R0
   \   000006   FA           MOV     R2,A
   \   000007   08           INC     R0
   \   000008   E6           MOV     A,@R0
   \   000009   F9           MOV     R1,A
   \   00000A   12....       LCALL   ocx_time_set
     15          
     16          	if(disp.update == 0)
   \   00000D   A2..         MOV     C,disp.0
   \   00000F   5005         JNC     ??task_rtc_display_0
     17          	{
     18          		return;
     19          	}
     20          	disp.update = 0;
   \   000011   C2..         CLR     disp.0
     21          
     22          	disp_time();
   \   000013                ; Setup parameters for call to function led_5c7s_disp_time
   \   000013   12....       LCALL   led_5c7s_disp_time
     23          }
   \                     ??task_rtc_display_0:
   \   000016   22           RET
     24          
     25          

   Maximum stack usage in bytes:

     Function                EXT_STACK PSTACK XSTACK
     --------                --------- ------ ------
     task_rtc_display               0      0      0
       -> ocx_event                 0      0      0
       -> ocx_time_set              0      0      0
       -> led_5c7s_disp_time        0      0      0


   Segment part sizes:

     Function/Label   Bytes
     --------------   -----
     task_rtc_display   23

 
 23 bytes in segment DISP_RTC_SEG
 
 23 bytes of CODE memory

Errors: none
Warnings: none
