##############################################################################
#                                                                            #
# IAR 8051 C/C++ Compiler V7.20H/W32                   27/Jun/2018  22:48:34 #
# Copyright 2004-2006 IAR Systems. All rights reserved.                      #
#                                                                            #
#    Core               =  plain                                             #
#    Code model         =  near                                              #
#    Data model         =  large                                             #
#    Calling convention =  extended stack reentrant                          #
#    Constant location  =  code                                              #
#    Extended stack     =  enabled                                           #
#    Dptr setup         =  1,16                                              #
#    Source file        =  display/theme_default/theme_aux.c                 #
#    Command line       =  -f option_c51.cfg (-ICOMMON\ -IINC\ -Iconfig\     #
#                          -Iapi\ -Ifm\ -Ifat\ -Idisplay\                    #
#                          -Idisplay\theme_default\ -Idisplay\led\           #
#                          -Idisplay\lcd\ -Itask\ -Iuser\ -Imem\ -Imodule\   #
#                          -Ikey\ -Istartmusic\ -Ispi\ -e -z9 --core=plain   #
#                          --dptr=16,1 --data_model=large --code_model=near  #
#                          --calling_convention=ext_stack_reentrant          #
#                          --place_constants=code --nr_virtual_regs 20       #
#                          --extended_stack) -DAX207X_TAG --debug -lC        #
#                          DebugBC/List -o DebugBC/Obj/theme_aux.r51         #
#                          display/theme_default/theme_aux.c                 #
#    List file          =  DebugBC/List/theme_aux.lst                        #
#    Object file        =  DebugBC/Obj/theme_aux.r51                         #
#                                                                            #
#                                                                            #
##############################################################################

R:\18BC073A_宇泰_AX1071_xxxxxxxx_20180627\app\display\theme_default\theme_aux.c
      1          /*****************************************************************************
      2           * Module    : Theme
      3           * File      : theme_aux.c
      4           * Author    : Hanny
      5           * Email     : coldney@yahoo.com.cn
      6           * Function  : AUX任务显示主题
      7           *****************************************************************************/
      8          #include "include.h"
      9          
     10          #pragma location="DISP_AUX_SEG"

   \                                 In segment DISP_AUX_SEG, align 1, keep-with-next
     11          void task_aux_display(void)
   \                     task_aux_display:
     12          {
   \   000000                ; Saved register size: 0
   \   000000                ; Auto size: 0
     13          #if ((DISP_TYPE != DISP_LED) && (DISP_TYPE != DISP_NO))
     14          	ocx_event();
   \   000000                ; Setup parameters for call to function ocx_event
   \   000000   12....       LCALL   ocx_event
     15          #if ENERGY_DISP_EN
     16          	ocx_energy_set(tbl_energy_amux);
     17          #endif
     18          
     19          	if(disp.update == 0)
   \   000003   A2..         MOV     C,disp.0
   \   000005   5012         JNC     ??task_aux_display_0
     20          	{
     21          		return;
     22          	}
     23          	disp.update = 0;
   \   000007   C2..         CLR     disp.0
     24          
     25          	//刷新显示界面
     26          	if(ocx.disp_status == OCX_NULL)
   \   000009   78..         MOV     R0,#(ocx + 3)
   \   00000B   E6           MOV     A,@R0
   \   00000C   7008         JNZ     ??task_aux_display_1
     27          	{
     28          #if ENERGY_DISP_EN
     29          		if(ocx.disp_energy)
     30          		{
     31          			disp_energy();
     32          		}
     33          		else
     34          #endif
     35          		{
     36          			disp_str("line");
   \   00000E                ; Setup parameters for call to function led_7p7s_disp_str
   \   00000E   7A..         MOV     R2,#(`?<Constant "line">` & 0xff)
   \   000010   7B..         MOV     R3,#((`?<Constant "line">` >> 8) & 0xff)
   \   000012   12....       LCALL   led_7p7s_disp_str
   \   000015   22           RET
     37          		}
     38          	}
     39          	else
     40          	{
     41          		ocx_display();
   \                     ??task_aux_display_1:
   \   000016                ; Setup parameters for call to function ocx_display
   \   000016   12....       LCALL   ocx_display
   \                     ??task_aux_display_0:
   \   000019   22           RET
     42          	}
     43          #endif
     44          }

   \                                 In segment CODE_C, align 1
   \                     `?<Constant "line">`:
   \   000000   6C696E65     DB "line"
   \            00      

   Maximum stack usage in bytes:

     Function               EXT_STACK PSTACK XSTACK
     --------               --------- ------ ------
     task_aux_display              0      0      0
       -> ocx_event                0      0      0
       -> led_7p7s_disp_str        0      0      0
       -> ocx_display              0      0      0


   Segment part sizes:

     Function/Label     Bytes
     --------------     -----
     task_aux_display     26
     ?<Constant "line">    5

 
  5 bytes in segment CODE_C
 26 bytes in segment DISP_AUX_SEG
 
 31 bytes of CODE memory

Errors: none
Warnings: none
