##############################################################################
#                                                                            #
# IAR 8051 C/C++ Compiler V7.20H/W32                   29/Jun/2018  19:55:07 #
# Copyright 2004-2006 IAR Systems. All rights reserved.                      #
#                                                                            #
#    Core               =  plain                                             #
#    Code model         =  near                                              #
#    Data model         =  large                                             #
#    Calling convention =  extended stack reentrant                          #
#    Constant location  =  code                                              #
#    Extended stack     =  enabled                                           #
#    Dptr setup         =  1,16                                              #
#    Source file        =  I:\a_wangqun\宇泰_睡眠仪_KNP08\18BC073A_宇泰_AX10 #
#                          71_xxxxxxxx_20180629_Merlin_1\app\config\config.c #
#    Command line       =  -I E:\software\8051\INC\ -I                       #
#                          E:\software\8051\INC\CLIB\ -I                     #
#                          I:\a_wangqun\宇泰_睡眠仪_KNP08\18BC073A_宇泰_AX10 #
#                          71_xxxxxxxx_20180629_Merlin_1\app\COMMON\ -I      #
#                          I:\a_wangqun\宇泰_睡眠仪_KNP08\18BC073A_宇泰_AX10 #
#                          71_xxxxxxxx_20180629_Merlin_1\app\INC\ -I         #
#                          I:\a_wangqun\宇泰_睡眠仪_KNP08\18BC073A_宇泰_AX10 #
#                          71_xxxxxxxx_20180629_Merlin_1\app\config\ -I      #
#                          I:\a_wangqun\宇泰_睡眠仪_KNP08\18BC073A_宇泰_AX10 #
#                          71_xxxxxxxx_20180629_Merlin_1\app\api\ -I         #
#                          I:\a_wangqun\宇泰_睡眠仪_KNP08\18BC073A_宇泰_AX10 #
#                          71_xxxxxxxx_20180629_Merlin_1\app\fm\ -I          #
#                          I:\a_wangqun\宇泰_睡眠仪_KNP08\18BC073A_宇泰_AX10 #
#                          71_xxxxxxxx_20180629_Merlin_1\app\fat\ -I         #
#                          I:\a_wangqun\宇泰_睡眠仪_KNP08\18BC073A_宇泰_AX10 #
#                          71_xxxxxxxx_20180629_Merlin_1\app\display\ -I     #
#                          I:\a_wangqun\宇泰_睡眠仪_KNP08\18BC073A_宇泰_AX10 #
#                          71_xxxxxxxx_20180629_Merlin_1\app\display\theme_d #
#                          efault\ -I I:\a_wangqun\宇泰_睡眠仪_KNP08\18BC073 #
#                          A_宇泰_AX1071_xxxxxxxx_20180629_Merlin_1\app\disp #
#                          lay\led\ -I I:\a_wangqun\宇泰_睡眠仪_KNP08\18BC07 #
#                          3A_宇泰_AX1071_xxxxxxxx_20180629_Merlin_1\app\dis #
#                          play\lcd\ -I I:\a_wangqun\宇泰_睡眠仪_KNP08\18BC0 #
#                          73A_宇泰_AX1071_xxxxxxxx_20180629_Merlin_1\app\ta #
#                          sk\ -I I:\a_wangqun\宇泰_睡眠仪_KNP08\18BC073A_宇 #
#                          泰_AX1071_xxxxxxxx_20180629_Merlin_1\app\user\    #
#                          -I I:\a_wangqun\宇泰_睡眠仪_KNP08\18BC073A_宇泰_A #
#                          X1071_xxxxxxxx_20180629_Merlin_1\app\mem\ -I      #
#                          I:\a_wangqun\宇泰_睡眠仪_KNP08\18BC073A_宇泰_AX10 #
#                          71_xxxxxxxx_20180629_Merlin_1\app\module\ -I      #
#                          I:\a_wangqun\宇泰_睡眠仪_KNP08\18BC073A_宇泰_AX10 #
#                          71_xxxxxxxx_20180629_Merlin_1\app\key\ -I         #
#                          I:\a_wangqun\宇泰_睡眠仪_KNP08\18BC073A_宇泰_AX10 #
#                          71_xxxxxxxx_20180629_Merlin_1\app\startmusic\ -I  #
#                          I:\a_wangqun\宇泰_睡眠仪_KNP08\18BC073A_宇泰_AX10 #
#                          71_xxxxxxxx_20180629_Merlin_1\app\spi\ -D         #
#                          AX107X_TAG -lC I:\a_wangqun\宇泰_睡眠仪_KNP08\18B #
#                          C073A_宇泰_AX1071_xxxxxxxx_20180629_Merlin_1\app\ #
#                          Debug\List\ -o I:\a_wangqun\宇泰_睡眠仪_KNP08\18B #
#                          C073A_宇泰_AX1071_xxxxxxxx_20180629_Merlin_1\app\ #
#                          Debug\Obj\ -e -z9 --core=plain --dptr=16,1        #
#                          --data_model=large --code_model=near              #
#                          --calling_convention=ext_stack_reentrant          #
#                          --place_constants=code --nr_virtual_regs 20       #
#                          --extended_stack I:\a_wangqun\宇泰_睡眠仪_KNP08\1 #
#                          8BC073A_宇泰_AX1071_xxxxxxxx_20180629_Merlin_1\ap #
#                          p\config\config.c                                 #
#    List file          =  I:\a_wangqun\宇泰_睡眠仪_KNP08\18BC073A_宇泰_AX10 #
#                          71_xxxxxxxx_20180629_Merlin_1\app\Debug\List\conf #
#                          ig.lst                                            #
#    Object file        =  I:\a_wangqun\宇泰_睡眠仪_KNP08\18BC073A_宇泰_AX10 #
#                          71_xxxxxxxx_20180629_Merlin_1\app\Debug\Obj\confi #
#                          g.r51                                             #
#                                                                            #
#                                                                            #
##############################################################################

I:\a_wangqun\宇泰_睡眠仪_KNP08\18BC073A_宇泰_AX1071_xxxxxxxx_20180629_Merlin_1\app\config\config.c
      1          /*****************************************************************************
      2           * Module    : Config
      3           * File      : config.c
      4           * Author    : Hanny
      5           * Email     : coldney@163.com
      6           * Function  : 用户配置文件，点击左侧目录展开，可编辑相应的配置
      7           *****************************************************************************/
      8          #include "config.h"
      9          
     10          /*****************************************************************************
     11          【注意事项】
     12          AX207X包括:
     13              AX2070(LQFP48);
     14              AX2073(SOP16);
     15              AX2073B(SOP16);
     16          AX107X包括:
     17              AX1070(LQFP48);
     18              AX1071(SOP28);
     19              AX1073(SOP16);
     20              AX1073B(SOP16);
     21              AX1076(SSOP24);
     22          
     23          晶振配置和DAC配置在不同封装上有差别，具体如下：
     24          AX2070:
     25              1.DAC初始化选项，有VCM:    #define DAC_INIT_TYPE     DAC_VCM_WITH_CAP
     26              2.VDDHP与VDDIO分开:        #define VDDHP_VDDIO_SHT   0
     27          
     28          AX2073:
     29              1.系统晶振选择，无晶振：   #define SYS_CRY           CRY_RC
     30              2.DAC初始化选项，无VCM:    #define DAC_INIT_TYPE     DAC_VCM_NO_CAP
     31              3.VDDHP与VDDIO邦一起:      #define VDDHP_VDDIO_SHT   1
     32          
     33          AX2073B:
     34              1.系统晶振选择，单PIN晶振：#define CRY_PIN_NUM       CRY_1PIN
     35              2.DAC初始化选项，无VCM:    #define DAC_INIT_TYPE     DAC_VCM_NO_CAP
     36              3.VDDHP与VDDIO邦一起:      #define VDDHP_VDDIO_SHT   1
     37          
     38          AX2075:
     39              1.系统晶振选择，无晶振：   #define SYS_CRY           CRY_RC
     40              2.DAC初始化选项，无VCM:    #define DAC_INIT_TYPE     DAC_VCM_NO_CAP
     41              3.VDDHP与VDDIO邦一起:      #define VDDHP_VDDIO_SHT   1
     42          
     43          AX1070:
     44              1.使用multi-bit DAC:       #define USE_MULTI_BIT_DAC 1
     45              2.DAC初始化选项，有VCM:    #define DAC_INIT_TYPE     DAC_VCM_WITH_CAP
     46              3.VDDHP与VDDIO分开:        #define VDDHP_VDDIO_SHT   0
     47          
     48          AX1071:
     49              1.系统晶振选择，单PIN晶振：#define CRY_PIN_NUM       CRY_1PIN
     50              2.使用multi-bit DAC:       #define USE_MULTI_BIT_DAC 1
     51              3.DAC初始化选项，无VCM:    #define DAC_INIT_TYPE     DAC_VCM_NO_CAP
     52              4.VDDHP与VDDIO分开:        #define VDDHP_VDDIO_SHT   0
     53          
     54          AX1073:
     55              1.系统晶振选择，无晶振：   #define SYS_CRY           CRY_RC
     56              2.使用multi-bit DAC:       #define USE_MULTI_BIT_DAC 1
     57              3.DAC初始化选项，无VCM:    #define DAC_INIT_TYPE     DAC_VCM_NO_CAP
     58              4.VDDHP与VDDIO邦一起:      #define VDDHP_VDDIO_SHT   1
     59          
     60          AX1073B:
     61              1.系统晶振选择，单PIN晶振：#define CRY_PIN_NUM       CRY_1PIN
     62              2.使用multi-bit DAC:       #define USE_MULTI_BIT_DAC 1
     63              3.DAC初始化选项，无VCM:    #define DAC_INIT_TYPE     DAC_VCM_NO_CAP
     64              4.VDDHP与VDDIO邦一起:      #define VDDHP_VDDIO_SHT   1
     65          
     66          AX1076:
     67              1.系统晶振选择，单PIN晶振：#define CRY_PIN_NUM       CRY_1PIN
     68              2.使用multi-bit DAC:       #define USE_MULTI_BIT_DAC 1
     69              3.DAC初始化选项，无VCM:    #define DAC_INIT_TYPE     DAC_VCM_NO_CAP
     70              4.VDDHP与VDDIO邦一起:      #define VDDHP_VDDIO_SHT   1
     71          
     72           *****************************************************************************/


   Segment part sizes:

     Function/Label Bytes
     -------------- -----

 
 
 0 bytes of memory

Errors: none
Warnings: none
