##############################################################################
#                                                                            #
# IAR 8051 C/C++ Compiler V7.20H/W32                   29/Jun/2018  19:55:12 #
# Copyright 2004-2006 IAR Systems. All rights reserved.                      #
#                                                                            #
#    Core               =  plain                                             #
#    Code model         =  near                                              #
#    Data model         =  large                                             #
#    Calling convention =  extended stack reentrant                          #
#    Constant location  =  code                                              #
#    Extended stack     =  enabled                                           #
#    Dptr setup         =  1,16                                              #
#    Source file        =  I:\a_wangqun\ÓîÌ©_Ë¯ÃßÒÇ_KNP08\18BC073A_ÓîÌ©_AX10 #
#                          71_xxxxxxxx_20180629_Merlin_1\app\display\theme_d #
#                          efault\theme_poweroff.c                           #
#    Command line       =  -I E:\software\8051\INC\ -I                       #
#                          E:\software\8051\INC\CLIB\ -I                     #
#                          I:\a_wangqun\ÓîÌ©_Ë¯ÃßÒÇ_KNP08\18BC073A_ÓîÌ©_AX10 #
#                          71_xxxxxxxx_20180629_Merlin_1\app\COMMON\ -I      #
#                          I:\a_wangqun\ÓîÌ©_Ë¯ÃßÒÇ_KNP08\18BC073A_ÓîÌ©_AX10 #
#                          71_xxxxxxxx_20180629_Merlin_1\app\INC\ -I         #
#                          I:\a_wangqun\ÓîÌ©_Ë¯ÃßÒÇ_KNP08\18BC073A_ÓîÌ©_AX10 #
#                          71_xxxxxxxx_20180629_Merlin_1\app\config\ -I      #
#                          I:\a_wangqun\ÓîÌ©_Ë¯ÃßÒÇ_KNP08\18BC073A_ÓîÌ©_AX10 #
#                          71_xxxxxxxx_20180629_Merlin_1\app\api\ -I         #
#                          I:\a_wangqun\ÓîÌ©_Ë¯ÃßÒÇ_KNP08\18BC073A_ÓîÌ©_AX10 #
#                          71_xxxxxxxx_20180629_Merlin_1\app\fm\ -I          #
#                          I:\a_wangqun\ÓîÌ©_Ë¯ÃßÒÇ_KNP08\18BC073A_ÓîÌ©_AX10 #
#                          71_xxxxxxxx_20180629_Merlin_1\app\fat\ -I         #
#                          I:\a_wangqun\ÓîÌ©_Ë¯ÃßÒÇ_KNP08\18BC073A_ÓîÌ©_AX10 #
#                          71_xxxxxxxx_20180629_Merlin_1\app\display\ -I     #
#                          I:\a_wangqun\ÓîÌ©_Ë¯ÃßÒÇ_KNP08\18BC073A_ÓîÌ©_AX10 #
#                          71_xxxxxxxx_20180629_Merlin_1\app\display\theme_d #
#                          efault\ -I I:\a_wangqun\ÓîÌ©_Ë¯ÃßÒÇ_KNP08\18BC073 #
#                          A_ÓîÌ©_AX1071_xxxxxxxx_20180629_Merlin_1\app\disp #
#                          lay\led\ -I I:\a_wangqun\ÓîÌ©_Ë¯ÃßÒÇ_KNP08\18BC07 #
#                          3A_ÓîÌ©_AX1071_xxxxxxxx_20180629_Merlin_1\app\dis #
#                          play\lcd\ -I I:\a_wangqun\ÓîÌ©_Ë¯ÃßÒÇ_KNP08\18BC0 #
#                          73A_ÓîÌ©_AX1071_xxxxxxxx_20180629_Merlin_1\app\ta #
#                          sk\ -I I:\a_wangqun\ÓîÌ©_Ë¯ÃßÒÇ_KNP08\18BC073A_Óî #
#                          Ì©_AX1071_xxxxxxxx_20180629_Merlin_1\app\user\    #
#                          -I I:\a_wangqun\ÓîÌ©_Ë¯ÃßÒÇ_KNP08\18BC073A_ÓîÌ©_A #
#                          X1071_xxxxxxxx_20180629_Merlin_1\app\mem\ -I      #
#                          I:\a_wangqun\ÓîÌ©_Ë¯ÃßÒÇ_KNP08\18BC073A_ÓîÌ©_AX10 #
#                          71_xxxxxxxx_20180629_Merlin_1\app\module\ -I      #
#                          I:\a_wangqun\ÓîÌ©_Ë¯ÃßÒÇ_KNP08\18BC073A_ÓîÌ©_AX10 #
#                          71_xxxxxxxx_20180629_Merlin_1\app\key\ -I         #
#                          I:\a_wangqun\ÓîÌ©_Ë¯ÃßÒÇ_KNP08\18BC073A_ÓîÌ©_AX10 #
#                          71_xxxxxxxx_20180629_Merlin_1\app\startmusic\ -I  #
#                          I:\a_wangqun\ÓîÌ©_Ë¯ÃßÒÇ_KNP08\18BC073A_ÓîÌ©_AX10 #
#                          71_xxxxxxxx_20180629_Merlin_1\app\spi\ -D         #
#                          AX107X_TAG -lC I:\a_wangqun\ÓîÌ©_Ë¯ÃßÒÇ_KNP08\18B #
#                          C073A_ÓîÌ©_AX1071_xxxxxxxx_20180629_Merlin_1\app\ #
#                          Debug\List\ -o I:\a_wangqun\ÓîÌ©_Ë¯ÃßÒÇ_KNP08\18B #
#                          C073A_ÓîÌ©_AX1071_xxxxxxxx_20180629_Merlin_1\app\ #
#                          Debug\Obj\ -e -z9 --core=plain --dptr=16,1        #
#                          --data_model=large --code_model=near              #
#                          --calling_convention=ext_stack_reentrant          #
#                          --place_constants=code --nr_virtual_regs 20       #
#                          --extended_stack I:\a_wangqun\ÓîÌ©_Ë¯ÃßÒÇ_KNP08\1 #
#                          8BC073A_ÓîÌ©_AX1071_xxxxxxxx_20180629_Merlin_1\ap #
#                          p\display\theme_default\theme_poweroff.c          #
#    List file          =  I:\a_wangqun\ÓîÌ©_Ë¯ÃßÒÇ_KNP08\18BC073A_ÓîÌ©_AX10 #
#                          71_xxxxxxxx_20180629_Merlin_1\app\Debug\List\them #
#                          e_poweroff.lst                                    #
#    Object file        =  I:\a_wangqun\ÓîÌ©_Ë¯ÃßÒÇ_KNP08\18BC073A_ÓîÌ©_AX10 #
#                          71_xxxxxxxx_20180629_Merlin_1\app\Debug\Obj\theme #
#                          _poweroff.r51                                     #
#                                                                            #
#                                                                            #
##############################################################################

I:\a_wangqun\ÓîÌ©_Ë¯ÃßÒÇ_KNP08\18BC073A_ÓîÌ©_AX1071_xxxxxxxx_20180629_Merlin_1\app\display\theme_default\theme_poweroff.c
      1          /*****************************************************************************
      2           * Module    : Theme
      3           * File      : lcd_default_idle.c
      4           * Author    : Hanny
      5           * Email     : coldney@yahoo.com.cn
      6           * Function  : ¹Ø»úÈÎÎñÏÔÊ¾Ö÷Ìâ
      7           *****************************************************************************/
      8          #include "include.h"
      9          
     10          #pragma location="DISP_POWEROFF_SEG"

   \                                 In segment DISP_POWEROFF_SEG, align 1, keep-with-next
     11          void task_poweroff_display(void)
   \                     task_poweroff_display:
     12          {
   \   000000                ; Saved register size: 0
   \   000000                ; Auto size: 0
     13          #if ((DISP_TYPE != DISP_LED) && (DISP_TYPE != DISP_NO))
     14          	ocx_event();
   \   000000                ; Setup parameters for call to function ocx_event
   \   000000   12....       LCALL   ocx_event
     15          	if(disp.update == 0)
   \   000003   A2..         MOV     C,disp.0
   \   000005   5005         JNC     ??task_poweroff_display_0
     16          	{
     17          		return;
     18          	}
     19          	disp.update = 0;
   \   000007   C2..         CLR     disp.0
     20          
     21          	disp_clear();
   \   000009                ; Setup parameters for call to function led_7p7s_clear
   \   000009   12....       LCALL   led_7p7s_clear
     22          #endif
     23          }
   \                     ??task_poweroff_display_0:
   \   00000C   22           RET

   Maximum stack usage in bytes:

     Function              EXT_STACK PSTACK XSTACK
     --------              --------- ------ ------
     task_poweroff_display        0      0      0
       -> ocx_event               0      0      0
       -> led_7p7s_clear          0      0      0


   Segment part sizes:

     Function/Label        Bytes
     --------------        -----
     task_poweroff_display   13

 
 13 bytes in segment DISP_POWEROFF_SEG
 
 13 bytes of CODE memory

Errors: none
Warnings: none
