##############################################################################
#                                                                            #
# IAR 8051 C/C++ Compiler V7.20H/W32                   29/Jun/2018  19:55:12 #
# Copyright 2004-2006 IAR Systems. All rights reserved.                      #
#                                                                            #
#    Core               =  plain                                             #
#    Code model         =  near                                              #
#    Data model         =  large                                             #
#    Calling convention =  extended stack reentrant                          #
#    Constant location  =  code                                              #
#    Extended stack     =  enabled                                           #
#    Dptr setup         =  1,16                                              #
#    Source file        =  I:\a_wangqun\ÓîÌ©_Ë¯ÃßÒÇ_KNP08\18BC073A_ÓîÌ©_AX10 #
#                          71_xxxxxxxx_20180629_Merlin_1\app\display\theme_d #
#                          efault\theme_rtc.c                                #
#    Command line       =  -I E:\software\8051\INC\ -I                       #
#                          E:\software\8051\INC\CLIB\ -I                     #
#                          I:\a_wangqun\ÓîÌ©_Ë¯ÃßÒÇ_KNP08\18BC073A_ÓîÌ©_AX10 #
#                          71_xxxxxxxx_20180629_Merlin_1\app\COMMON\ -I      #
#                          I:\a_wangqun\ÓîÌ©_Ë¯ÃßÒÇ_KNP08\18BC073A_ÓîÌ©_AX10 #
#                          71_xxxxxxxx_20180629_Merlin_1\app\INC\ -I         #
#                          I:\a_wangqun\ÓîÌ©_Ë¯ÃßÒÇ_KNP08\18BC073A_ÓîÌ©_AX10 #
#                          71_xxxxxxxx_20180629_Merlin_1\app\config\ -I      #
#                          I:\a_wangqun\ÓîÌ©_Ë¯ÃßÒÇ_KNP08\18BC073A_ÓîÌ©_AX10 #
#                          71_xxxxxxxx_20180629_Merlin_1\app\api\ -I         #
#                          I:\a_wangqun\ÓîÌ©_Ë¯ÃßÒÇ_KNP08\18BC073A_ÓîÌ©_AX10 #
#                          71_xxxxxxxx_20180629_Merlin_1\app\fm\ -I          #
#                          I:\a_wangqun\ÓîÌ©_Ë¯ÃßÒÇ_KNP08\18BC073A_ÓîÌ©_AX10 #
#                          71_xxxxxxxx_20180629_Merlin_1\app\fat\ -I         #
#                          I:\a_wangqun\ÓîÌ©_Ë¯ÃßÒÇ_KNP08\18BC073A_ÓîÌ©_AX10 #
#                          71_xxxxxxxx_20180629_Merlin_1\app\display\ -I     #
#                          I:\a_wangqun\ÓîÌ©_Ë¯ÃßÒÇ_KNP08\18BC073A_ÓîÌ©_AX10 #
#                          71_xxxxxxxx_20180629_Merlin_1\app\display\theme_d #
#                          efault\ -I I:\a_wangqun\ÓîÌ©_Ë¯ÃßÒÇ_KNP08\18BC073 #
#                          A_ÓîÌ©_AX1071_xxxxxxxx_20180629_Merlin_1\app\disp #
#                          lay\led\ -I I:\a_wangqun\ÓîÌ©_Ë¯ÃßÒÇ_KNP08\18BC07 #
#                          3A_ÓîÌ©_AX1071_xxxxxxxx_20180629_Merlin_1\app\dis #
#                          play\lcd\ -I I:\a_wangqun\ÓîÌ©_Ë¯ÃßÒÇ_KNP08\18BC0 #
#                          73A_ÓîÌ©_AX1071_xxxxxxxx_20180629_Merlin_1\app\ta #
#                          sk\ -I I:\a_wangqun\ÓîÌ©_Ë¯ÃßÒÇ_KNP08\18BC073A_Óî #
#                          Ì©_AX1071_xxxxxxxx_20180629_Merlin_1\app\user\    #
#                          -I I:\a_wangqun\ÓîÌ©_Ë¯ÃßÒÇ_KNP08\18BC073A_ÓîÌ©_A #
#                          X1071_xxxxxxxx_20180629_Merlin_1\app\mem\ -I      #
#                          I:\a_wangqun\ÓîÌ©_Ë¯ÃßÒÇ_KNP08\18BC073A_ÓîÌ©_AX10 #
#                          71_xxxxxxxx_20180629_Merlin_1\app\module\ -I      #
#                          I:\a_wangqun\ÓîÌ©_Ë¯ÃßÒÇ_KNP08\18BC073A_ÓîÌ©_AX10 #
#                          71_xxxxxxxx_20180629_Merlin_1\app\key\ -I         #
#                          I:\a_wangqun\ÓîÌ©_Ë¯ÃßÒÇ_KNP08\18BC073A_ÓîÌ©_AX10 #
#                          71_xxxxxxxx_20180629_Merlin_1\app\startmusic\ -I  #
#                          I:\a_wangqun\ÓîÌ©_Ë¯ÃßÒÇ_KNP08\18BC073A_ÓîÌ©_AX10 #
#                          71_xxxxxxxx_20180629_Merlin_1\app\spi\ -D         #
#                          AX107X_TAG -lC I:\a_wangqun\ÓîÌ©_Ë¯ÃßÒÇ_KNP08\18B #
#                          C073A_ÓîÌ©_AX1071_xxxxxxxx_20180629_Merlin_1\app\ #
#                          Debug\List\ -o I:\a_wangqun\ÓîÌ©_Ë¯ÃßÒÇ_KNP08\18B #
#                          C073A_ÓîÌ©_AX1071_xxxxxxxx_20180629_Merlin_1\app\ #
#                          Debug\Obj\ -e -z9 --core=plain --dptr=16,1        #
#                          --data_model=large --code_model=near              #
#                          --calling_convention=ext_stack_reentrant          #
#                          --place_constants=code --nr_virtual_regs 20       #
#                          --extended_stack I:\a_wangqun\ÓîÌ©_Ë¯ÃßÒÇ_KNP08\1 #
#                          8BC073A_ÓîÌ©_AX1071_xxxxxxxx_20180629_Merlin_1\ap #
#                          p\display\theme_default\theme_rtc.c               #
#    List file          =  I:\a_wangqun\ÓîÌ©_Ë¯ÃßÒÇ_KNP08\18BC073A_ÓîÌ©_AX10 #
#                          71_xxxxxxxx_20180629_Merlin_1\app\Debug\List\them #
#                          e_rtc.lst                                         #
#    Object file        =  I:\a_wangqun\ÓîÌ©_Ë¯ÃßÒÇ_KNP08\18BC073A_ÓîÌ©_AX10 #
#                          71_xxxxxxxx_20180629_Merlin_1\app\Debug\Obj\theme #
#                          _rtc.r51                                          #
#                                                                            #
#                                                                            #
##############################################################################

I:\a_wangqun\ÓîÌ©_Ë¯ÃßÒÇ_KNP08\18BC073A_ÓîÌ©_AX1071_xxxxxxxx_20180629_Merlin_1\app\display\theme_default\theme_rtc.c
      1          /*****************************************************************************
      2           * Module    : Theme
      3           * File      : lcd_default_idle.c
      4           * Author    : Hanny
      5           * Email     : coldney@yahoo.com.cn
      6           * Function  : RTCÈÎÎñÏÔÊ¾Ö÷Ìâ
      7           *****************************************************************************/
      8          #include "include.h"
      9          
     10          #pragma location="DISP_RTC_SEG"

   \                                 In segment DISP_RTC_SEG, align 1, keep-with-next
     11          void task_rtc_display(void)
   \                     task_rtc_display:
     12          {
   \   000000                ; Saved register size: 0
   \   000000                ; Auto size: 0
     13          	ocx_event();
   \   000000                ; Setup parameters for call to function ocx_event
   \   000000   12....       LCALL   ocx_event
     14          	ocx_time_set(t_time.hour, t_time.minute);
   \   000003                ; Setup parameters for call to function ocx_time_set
   \   000003   78..         MOV     R0,#(t_time + 1)
   \   000005   E6           MOV     A,@R0
   \   000006   FA           MOV     R2,A
   \   000007   08           INC     R0
   \   000008   E6           MOV     A,@R0
   \   000009   F9           MOV     R1,A
   \   00000A   12....       LCALL   ocx_time_set
     15          
     16          	if(disp.update == 0)
   \   00000D   A2..         MOV     C,disp.0
   \   00000F   5005         JNC     ??task_rtc_display_0
     17          	{
     18          		return;
     19          	}
     20          	disp.update = 0;
   \   000011   C2..         CLR     disp.0
     21          
     22          	disp_time();
   \   000013                ; Setup parameters for call to function led_7p7s_disp_time
   \   000013   12....       LCALL   led_7p7s_disp_time
     23          }
   \                     ??task_rtc_display_0:
   \   000016   22           RET
     24          
     25          

   Maximum stack usage in bytes:

     Function                EXT_STACK PSTACK XSTACK
     --------                --------- ------ ------
     task_rtc_display               0      0      0
       -> ocx_event                 0      0      0
       -> ocx_time_set              0      0      0
       -> led_7p7s_disp_time        0      0      0


   Segment part sizes:

     Function/Label   Bytes
     --------------   -----
     task_rtc_display   23

 
 23 bytes in segment DISP_RTC_SEG
 
 23 bytes of CODE memory

Errors: none
Warnings: none
