##############################################################################
#                                                                            #
# IAR 8051 C/C++ Compiler V7.20H/W32                   29/Jun/2018  19:55:12 #
# Copyright 2004-2006 IAR Systems. All rights reserved.                      #
#                                                                            #
#    Core               =  plain                                             #
#    Code model         =  near                                              #
#    Data model         =  large                                             #
#    Calling convention =  extended stack reentrant                          #
#    Constant location  =  code                                              #
#    Extended stack     =  enabled                                           #
#    Dptr setup         =  1,16                                              #
#    Source file        =  I:\a_wangqun\ÓîÌ©_Ë¯ÃßÒÇ_KNP08\18BC073A_ÓîÌ©_AX10 #
#                          71_xxxxxxxx_20180629_Merlin_1\app\module\usb_tune #
#                          .c                                                #
#    Command line       =  -I E:\software\8051\INC\ -I                       #
#                          E:\software\8051\INC\CLIB\ -I                     #
#                          I:\a_wangqun\ÓîÌ©_Ë¯ÃßÒÇ_KNP08\18BC073A_ÓîÌ©_AX10 #
#                          71_xxxxxxxx_20180629_Merlin_1\app\COMMON\ -I      #
#                          I:\a_wangqun\ÓîÌ©_Ë¯ÃßÒÇ_KNP08\18BC073A_ÓîÌ©_AX10 #
#                          71_xxxxxxxx_20180629_Merlin_1\app\INC\ -I         #
#                          I:\a_wangqun\ÓîÌ©_Ë¯ÃßÒÇ_KNP08\18BC073A_ÓîÌ©_AX10 #
#                          71_xxxxxxxx_20180629_Merlin_1\app\config\ -I      #
#                          I:\a_wangqun\ÓîÌ©_Ë¯ÃßÒÇ_KNP08\18BC073A_ÓîÌ©_AX10 #
#                          71_xxxxxxxx_20180629_Merlin_1\app\api\ -I         #
#                          I:\a_wangqun\ÓîÌ©_Ë¯ÃßÒÇ_KNP08\18BC073A_ÓîÌ©_AX10 #
#                          71_xxxxxxxx_20180629_Merlin_1\app\fm\ -I          #
#                          I:\a_wangqun\ÓîÌ©_Ë¯ÃßÒÇ_KNP08\18BC073A_ÓîÌ©_AX10 #
#                          71_xxxxxxxx_20180629_Merlin_1\app\fat\ -I         #
#                          I:\a_wangqun\ÓîÌ©_Ë¯ÃßÒÇ_KNP08\18BC073A_ÓîÌ©_AX10 #
#                          71_xxxxxxxx_20180629_Merlin_1\app\display\ -I     #
#                          I:\a_wangqun\ÓîÌ©_Ë¯ÃßÒÇ_KNP08\18BC073A_ÓîÌ©_AX10 #
#                          71_xxxxxxxx_20180629_Merlin_1\app\display\theme_d #
#                          efault\ -I I:\a_wangqun\ÓîÌ©_Ë¯ÃßÒÇ_KNP08\18BC073 #
#                          A_ÓîÌ©_AX1071_xxxxxxxx_20180629_Merlin_1\app\disp #
#                          lay\led\ -I I:\a_wangqun\ÓîÌ©_Ë¯ÃßÒÇ_KNP08\18BC07 #
#                          3A_ÓîÌ©_AX1071_xxxxxxxx_20180629_Merlin_1\app\dis #
#                          play\lcd\ -I I:\a_wangqun\ÓîÌ©_Ë¯ÃßÒÇ_KNP08\18BC0 #
#                          73A_ÓîÌ©_AX1071_xxxxxxxx_20180629_Merlin_1\app\ta #
#                          sk\ -I I:\a_wangqun\ÓîÌ©_Ë¯ÃßÒÇ_KNP08\18BC073A_Óî #
#                          Ì©_AX1071_xxxxxxxx_20180629_Merlin_1\app\user\    #
#                          -I I:\a_wangqun\ÓîÌ©_Ë¯ÃßÒÇ_KNP08\18BC073A_ÓîÌ©_A #
#                          X1071_xxxxxxxx_20180629_Merlin_1\app\mem\ -I      #
#                          I:\a_wangqun\ÓîÌ©_Ë¯ÃßÒÇ_KNP08\18BC073A_ÓîÌ©_AX10 #
#                          71_xxxxxxxx_20180629_Merlin_1\app\module\ -I      #
#                          I:\a_wangqun\ÓîÌ©_Ë¯ÃßÒÇ_KNP08\18BC073A_ÓîÌ©_AX10 #
#                          71_xxxxxxxx_20180629_Merlin_1\app\key\ -I         #
#                          I:\a_wangqun\ÓîÌ©_Ë¯ÃßÒÇ_KNP08\18BC073A_ÓîÌ©_AX10 #
#                          71_xxxxxxxx_20180629_Merlin_1\app\startmusic\ -I  #
#                          I:\a_wangqun\ÓîÌ©_Ë¯ÃßÒÇ_KNP08\18BC073A_ÓîÌ©_AX10 #
#                          71_xxxxxxxx_20180629_Merlin_1\app\spi\ -D         #
#                          AX107X_TAG -lC I:\a_wangqun\ÓîÌ©_Ë¯ÃßÒÇ_KNP08\18B #
#                          C073A_ÓîÌ©_AX1071_xxxxxxxx_20180629_Merlin_1\app\ #
#                          Debug\List\ -o I:\a_wangqun\ÓîÌ©_Ë¯ÃßÒÇ_KNP08\18B #
#                          C073A_ÓîÌ©_AX1071_xxxxxxxx_20180629_Merlin_1\app\ #
#                          Debug\Obj\ -e -z9 --core=plain --dptr=16,1        #
#                          --data_model=large --code_model=near              #
#                          --calling_convention=ext_stack_reentrant          #
#                          --place_constants=code --nr_virtual_regs 20       #
#                          --extended_stack I:\a_wangqun\ÓîÌ©_Ë¯ÃßÒÇ_KNP08\1 #
#                          8BC073A_ÓîÌ©_AX1071_xxxxxxxx_20180629_Merlin_1\ap #
#                          p\module\usb_tune.c                               #
#    List file          =  I:\a_wangqun\ÓîÌ©_Ë¯ÃßÒÇ_KNP08\18BC073A_ÓîÌ©_AX10 #
#                          71_xxxxxxxx_20180629_Merlin_1\app\Debug\List\usb_ #
#                          tune.lst                                          #
#    Object file        =  I:\a_wangqun\ÓîÌ©_Ë¯ÃßÒÇ_KNP08\18BC073A_ÓîÌ©_AX10 #
#                          71_xxxxxxxx_20180629_Merlin_1\app\Debug\Obj\usb_t #
#                          une.r51                                           #
#                                                                            #
#                                                                            #
##############################################################################

I:\a_wangqun\ÓîÌ©_Ë¯ÃßÒÇ_KNP08\18BC073A_ÓîÌ©_AX1071_xxxxxxxx_20180629_Merlin_1\app\module\usb_tune.c
      1          #include "include.h"
      2          
      3          /*
      4          extern func
      5          */
      6          bool usb_disk_read(void *buf, u32 lba);
      7          bool sd_disk_read(void *buf, u32 lba);
      8          bool usb_disk_read_tune(void *buf, u32 lba);
      9          void host_tune_init(void);
     10          void devie_tune_init(void);
     11          
     12          
     13          #pragma location="FS_INIT_SEG"

   \                                 In segment FS_INIT_SEG, align 1, keep-with-next
     14          void usb_disk_func_init(void)
   \                     usb_disk_func_init:
     15          {
   \   000000                ; Saved register size: 0
   \   000000                ; Auto size: 0
     16          #if PLL_TUNE_EN
     17          
     18          #if (SYS_CRY == CRY_RC)
     19          	fs_hook.disk_read = usb_disk_read_tune;
     20          #elif(SYS_CRY == CRY_AUTO)
     21          	if(b_sys.xosc_flag)
     22          	{
     23          		fs_hook.disk_read = usb_disk_read;
     24          	}
     25          	else
     26          	{
     27          		fs_hook.disk_read = usb_disk_read_tune;
     28          	}
     29          #else
     30          	fs_hook.disk_read = usb_disk_read;
     31          #endif
     32          
     33          #else   //PLL_TUNE_EN
     34          	fs_hook.disk_read = usb_disk_read;
   \   000000   78..         MOV     R0,#((fs_hook + 5) & 0xff)
   \   000002   74..         MOV     A,#(usb_disk_read & 0xff)
   \   000004   F2           MOVX    @R0,A
   \   000005   08           INC     R0
   \   000006   74..         MOV     A,#((usb_disk_read >> 8) & 0xff)
   \   000008   F2           MOVX    @R0,A
     35          #endif  //PLL_TUNE_EN
     36          
     37          	fs_hook.disk_write = usb_host_mass_write;
   \   000009   08           INC     R0
   \   00000A   74..         MOV     A,#(usb_host_mass_write & 0xff)
   \   00000C   F2           MOVX    @R0,A
   \   00000D   08           INC     R0
   \   00000E   74..         MOV     A,#((usb_host_mass_write >> 8) & 0xff)
   \   000010   F2           MOVX    @R0,A
     38          }
   \   000011   22           RET
     39          
     40          #pragma location="DEVICE_SEG"

   \                                 In segment DEVICE_SEG, align 1, keep-with-next
     41          void usb_host_tune_set(void)
   \                     usb_host_tune_set:
     42          {
   \   000000                ; Saved register size: 0
   \   000000                ; Auto size: 0
     43          #if PLL_TUNE_EN
     44          #if (SYS_CRY == CRY_RC)
     45          	host_tune_init();
     46          #elif(SYS_CRY == CRY_AUTO)
     47          	if(!b_sys.xosc_flag)
     48          	{
     49          		host_tune_init();
     50          	}
     51          #endif
     52          #endif
     53          }
   \   000000   22           RET
     54          
     55          #pragma location="DEVICE_SEG"

   \                                 In segment DEVICE_SEG, align 1, keep-with-next
     56          void usb_device_tune_set(void)
   \                     usb_device_tune_set:
     57          {
   \   000000                ; Saved register size: 0
   \   000000                ; Auto size: 0
     58          #if PLL_TUNE_EN
     59          #if (SYS_CRY == CRY_RC)
     60          	devie_tune_init();
     61          #elif(SYS_CRY == CRY_AUTO)
     62          	if(!b_sys.xosc_flag)
     63          	{
     64          		devie_tune_init();
     65          	}
     66          #endif
     67          #endif
     68          }
   \   000000   22           RET
     69          

   Maximum stack usage in bytes:

     Function            EXT_STACK PSTACK XSTACK
     --------            --------- ------ ------
     usb_device_tune_set        0      0      0
     usb_disk_func_init         0      0      0
     usb_host_tune_set          0      0      0


   Segment part sizes:

     Function/Label      Bytes
     --------------      -----
     usb_disk_func_init    18
     usb_host_tune_set      1
     usb_device_tune_set    1

 
  2 bytes in segment DEVICE_SEG
 18 bytes in segment FS_INIT_SEG
 
 20 bytes of CODE memory

Errors: none
Warnings: none
